build/app/intermediates/manifest_merge_blame_file/debug/manifest-merger-blame-debug-report.txt
1<?xml version="1.0" encoding="utf-8"?>
2<manifest xmlns:android="http://schemas.android.com/apk/res/android"
3    package="com.example.trash_to_cash"
4    android:versionCode="1"
5    android:versionName="1.0.0" >
6
7    <uses-sdk
8        android:minSdkVersion="16"
9        android:targetSdkVersion="28" />
10    <!--
11         Flutter needs it to communicate with the running application
12         to allow setting breakpoints, to provide hot reload, etc.
13    -->
14    <uses-permission android:name="android.permission.INTERNET" />
14-->src/debug/AndroidManifest.xml:6:5-66
14-->src/debug/AndroidManifest.xml:6:22-64
15    <uses-permission android:name="android.permission.ACCESS_FINE_LOCATION" /> <!-- Include required permissions for Google Maps API to run. -->
15-->[:geolocator] AndroidManifest.xml:7:5-79
15-->[:geolocator] AndroidManifest.xml:7:22-76
16    <uses-permission android:name="android.permission.ACCESS_NETWORK_STATE" />
16-->[com.google.android.gms:play-services-maps:17.0.0] AndroidManifest.xml:23:5-79
16-->[com.google.android.gms:play-services-maps:17.0.0] AndroidManifest.xml:23:22-76
17
18    <uses-feature
18-->[com.google.android.gms:play-services-maps:17.0.0] AndroidManifest.xml:26:5-28:35
19        android:glEsVersion="0x00020000"
19-->[com.google.android.gms:play-services-maps:17.0.0] AndroidManifest.xml:27:9-41
20        android:required="true" />
20-->[com.google.android.gms:play-services-maps:17.0.0] AndroidManifest.xml:28:9-32
21    <!--
22 io.flutter.app.FlutterApplication is an android.app.Application that
23         calls FlutterMain.startInitialization(this); in its onCreate method.
24         In most cases you can leave this as-is, but you if you want to provide
25         additional functionality it is fine to subclass or reimplement
26         FlutterApplication and put your custom class here.
27    -->
28    <application
28-->src/main/AndroidManifest.xml:8:5-54:19
29        android:name="io.flutter.app.FlutterApplication"
29-->src/main/AndroidManifest.xml:11:9-57
30        android:appComponentFactory="androidx.core.app.CoreComponentFactory"
30-->[androidx.core:core:1.2.0] AndroidManifest.xml:24:18-86
31        android:debuggable="true"
32        android:icon="@mipmap/ic_launcher"
32-->src/main/AndroidManifest.xml:13:9-43
33        android:label="trash_to_cash" >
33-->src/main/AndroidManifest.xml:12:9-38
34        <activity
34-->src/main/AndroidManifest.xml:14:9-44:20
35            android:name="com.example.trash_to_cash.MainActivity"
35-->src/main/AndroidManifest.xml:15:13-41
36            android:configChanges="orientation|keyboardHidden|keyboard|screenSize|smallestScreenSize|locale|layoutDirection|fontScale|screenLayout|density|uiMode"
36-->src/main/AndroidManifest.xml:18:13-163
37            android:hardwareAccelerated="true"
37-->src/main/AndroidManifest.xml:19:13-47
38            android:launchMode="singleTop"
38-->src/main/AndroidManifest.xml:16:13-43
39            android:theme="@style/LaunchTheme"
39-->src/main/AndroidManifest.xml:17:13-47
40            android:windowSoftInputMode="adjustResize" >
40-->src/main/AndroidManifest.xml:20:13-55
41
42            <!--
43                 Specifies an Android theme to apply to this Activity as soon as
44                 the Android process has started. This theme is visible to the user
45                 while the Flutter UI initializes. After that, this theme continues
46                 to determine the Window background behind the Flutter UI.
47            -->
48            <meta-data
48-->src/main/AndroidManifest.xml:25:13-28:17
49                android:name="io.flutter.embedding.android.NormalTheme"
49-->src/main/AndroidManifest.xml:26:15-70
50                android:resource="@style/NormalTheme" />
50-->src/main/AndroidManifest.xml:27:15-52
51            <!--
52                 Displays an Android View that continues showing the launch screen
53                 Drawable until Flutter paints its first frame, then this splash
54                 screen fades out. A splash screen is useful to avoid any visual
55                 gap between the end of Android's launch screen and the painting of
56                 Flutter's first frame.
57            -->
58            <meta-data
58-->src/main/AndroidManifest.xml:34:13-37:17
59                android:name="io.flutter.embedding.android.SplashScreenDrawable"
59-->src/main/AndroidManifest.xml:35:15-79
60                android:resource="@drawable/launch_background" />
60-->src/main/AndroidManifest.xml:36:15-61
61
62            <intent-filter>
62-->src/main/AndroidManifest.xml:40:13-43:29
63                <action android:name="android.intent.action.MAIN" />
63-->src/main/AndroidManifest.xml:41:17-68
63-->src/main/AndroidManifest.xml:41:25-66
64
65                <category android:name="android.intent.category.LAUNCHER" />
65-->src/main/AndroidManifest.xml:42:17-76
65-->src/main/AndroidManifest.xml:42:27-74
66            </intent-filter>
67        </activity>
68        <!--
69             Don't delete the meta-data below.
70             This is used by the Flutter tool to generate GeneratedPluginRegistrant.java
71        -->
72        <meta-data
72-->src/main/AndroidManifest.xml:47:9-49:33
73            android:name="flutterEmbedding"
73-->src/main/AndroidManifest.xml:48:13-44
74            android:value="2" />
74-->src/main/AndroidManifest.xml:49:13-30
75        <meta-data
75-->src/main/AndroidManifest.xml:50:9-52:72
76            android:name="com.google.android.geo.API_KEY"
76-->src/main/AndroidManifest.xml:51:9-54
77            android:value="AIzaSyAhwXswQvcJFa7W9KGSTA8vO6Dm7xzqVyo" />
77-->src/main/AndroidManifest.xml:52:15-70
78
79        <!-- Needs to be explicitly declared on P+ -->
80        <uses-library
80-->[com.google.android.gms:play-services-maps:17.0.0] AndroidManifest.xml:33:9-35:40
81            android:name="org.apache.http.legacy"
81-->[com.google.android.gms:play-services-maps:17.0.0] AndroidManifest.xml:34:13-50
82            android:required="false" />
82-->[com.google.android.gms:play-services-maps:17.0.0] AndroidManifest.xml:35:13-37
83
84        <activity
84-->[com.google.android.gms:play-services-base:17.2.1] AndroidManifest.xml:23:9-26:75
85            android:name="com.google.android.gms.common.api.GoogleApiActivity"
85-->[com.google.android.gms:play-services-base:17.2.1] AndroidManifest.xml:24:13-79
86            android:exported="false"
86-->[com.google.android.gms:play-services-base:17.2.1] AndroidManifest.xml:25:13-37
87            android:theme="@android:style/Theme.Translucent.NoTitleBar" />
87-->[com.google.android.gms:play-services-base:17.2.1] AndroidManifest.xml:26:13-72
88
89        <meta-data
89-->[com.google.android.gms:play-services-basement:17.2.1] AndroidManifest.xml:23:9-25:69
90            android:name="com.google.android.gms.version"
90-->[com.google.android.gms:play-services-basement:17.2.1] AndroidManifest.xml:24:13-58
91            android:value="@integer/google_play_services_version" />
91-->[com.google.android.gms:play-services-basement:17.2.1] AndroidManifest.xml:25:13-66
92    </application>
93
94</manifest>